[     347ms] [INFO] %cDownload the React DevTools for a better development experience: https://react.dev/link/react-devtools font-weight:bold @ http://localhost:5174/node_modules/.vite/deps/react-dom_client.js?v=a9e4432e:14336
[    9206ms] [INFO] %cDownload the React DevTools for a better development experience: https://react.dev/link/react-devtools font-weight:bold @ http://localhost:5174/node_modules/.vite/deps/react-dom_client.js?v=a9e4432e:14336
[ 9909385ms] [ERROR] Failed to load resource: the server responded with a status of 500 (Internal Server Error) @ http://localhost:5174/src/components/Hero.tsx?t=1774957168433:0
[ 9909429ms] [ERROR] [vite] Failed to reload /src/components/Hero.tsx. This could be due to syntax errors or importing non-existent modules. (see errors above) @ http://localhost:5174/@vite/client:509
[ 9954825ms] [ERROR] Failed to load resource: the server responded with a status of 500 (Internal Server Error) @ http://localhost:5174/src/components/Hero.tsx?t=1774957213890:0
[ 9954840ms] [ERROR] [vite] Failed to reload /src/components/Hero.tsx. This could be due to syntax errors or importing non-existent modules. (see errors above) @ http://localhost:5174/@vite/client:509
[10796384ms] [INFO] %cDownload the React DevTools for a better development experience: https://react.dev/link/react-devtools font-weight:bold @ http://localhost:5174/node_modules/.vite/deps/react-dom_client.js?v=a9e4432e:14336
[12746989ms] [LOG] [vite] server connection lost. Polling for restart... @ http://localhost:5174/@vite/client:968
[12751671ms] [INFO] %cDownload the React DevTools for a better development experience: https://react.dev/link/react-devtools font-weight:bold @ http://localhost:5174/node_modules/.vite/deps/react-dom_client.js?v=9aeeacf3:14336
[12758855ms] [LOG] [vite] server connection lost. Polling for restart... @ http://localhost:5174/@vite/client:968
[12759160ms] [ERROR] Failed to load resource: the server responded with a status of 504 (Outdated Optimize Dep) @ http://localhost:5174/node_modules/.vite/deps/framer-motion.js?v=6fa566fe:0
[12759165ms] [ERROR] Failed to load resource: the server responded with a status of 504 (Outdated Optimize Dep) @ http://localhost:5174/node_modules/.vite/deps/lucide-react.js?v=6fa566fe:0
[12759171ms] [ERROR] Failed to load resource: the server responded with a status of 504 (Outdated Optimize Dep) @ http://localhost:5174/node_modules/.vite/deps/react-dom.js?v=6fa566fe:0
[13416158ms] [LOG] [vite] server connection lost. Polling for restart... @ http://localhost:5174/@vite/client:968
[13421079ms] [INFO] %cDownload the React DevTools for a better development experience: https://react.dev/link/react-devtools font-weight:bold @ http://localhost:5174/node_modules/.vite/deps/react-dom_client.js?v=56d0c159:14336
[13636761ms] [LOG] [vite] server connection lost. Polling for restart... @ http://localhost:5174/@vite/client:968
[13637367ms] [ERROR] Failed to load resource: the server responded with a status of 504 (Outdated Optimize Dep) @ http://localhost:5174/node_modules/.vite/deps/framer-motion.js?v=6fa566fe:0
[13637374ms] [ERROR] Failed to load resource: the server responded with a status of 504 (Outdated Optimize Dep) @ http://localhost:5174/node_modules/.vite/deps/lucide-react.js?v=6fa566fe:0
[13791466ms] [LOG] [vite] server connection lost. Polling for restart... @ http://localhost:5174/@vite/client:968
[13792734ms] [INFO] %cDownload the React DevTools for a better development experience: https://react.dev/link/react-devtools font-weight:bold @ http://localhost:5174/node_modules/.vite/deps/react-dom_client.js?v=47c37dfd:14336
[13931406ms] [INFO] %cDownload the React DevTools for a better development experience: https://react.dev/link/react-devtools font-weight:bold @ http://localhost:5174/node_modules/.vite/deps/react-dom_client.js?v=47c37dfd:14336
[14169282ms] [LOG] [vite] server connection lost. Polling for restart... @ http://localhost:5174/@vite/client:968
[14169932ms] [INFO] %cDownload the React DevTools for a better development experience: https://react.dev/link/react-devtools font-weight:bold @ http://localhost:5174/node_modules/.vite/deps/react-dom_client.js?v=6fa566fe:14336
